<?xml version="1.0" encoding="UTF-8"?>
<testsuites name="bun test" tests="1" assertions="1" failures="0" skipped="0" time="1">
  <testsuite name="tests/describe.test.ts" file="tests/describe.test.ts" tests="1" assertions="1" failures="0" skipped="0" time="1" hostname="Justins-MacBook-Pro.local">
    <testsuite name="the describe block" file="tests/describe.test.ts" line="3" tests="1" assertions="1" failures="0" skipped="0" time="1" hostname="Justins-MacBook-Pro.local">
      <testcase name="the test" classname="the describe block" time="1" file="tests/describe.test.ts" line="4" assertions="1" />
    </testsuite>
  </testsuite>
</testsuites>
