<?xml version="1.0" encoding="UTF-8"?>
<!--
  Hand-maintained, deliberately not generated by scripts/genxml.sh: bun up to
  1.2.x reported failures as an empty, self-closing element, where 1.3+ fills in
  a message and body. Kept so that shape stays covered.
-->
<testsuites name="bun test" tests="1" assertions="1" failures="1" skipped="0" time="1">
  <testsuite name="tests/single-failure.test.ts" file="tests/single-failure.test.ts" tests="1" assertions="1" failures="1" skipped="0" time="1" hostname="host">
    <testcase name="it doesn&apos;t work" classname="" time="1" file="tests/single-failure.test.ts" line="3" assertions="1">
      <failure type="AssertionError" />
    </testcase>
  </testsuite>
</testsuites>
