<?xml version="1.0" encoding="UTF-8"?>
<testsuites name="bun test" tests="1" assertions="1" failures="1" skipped="0" time="2.051655">
  <testsuite name="test/frontend/pages/Providers/Index.test.tsx" tests="1" assertions="1" failures="1" skipped="0" time="1.379" hostname="Justins-MacBook-Pro.local">
    <testcase name="marks all providers as Active" classname="Index" time="1.005854" file="test/frontend/pages/Providers/Index.test.tsx" assertions="0">
      <failure type="AssertionError" />
    </testcase>
  </testsuite>
</testsuites>
