<?xml version="1.0" encoding="UTF-8"?>
<testsuites name="bun test" tests="1" assertions="1" failures="1" skipped="0" time="1">
  <testsuite name="tests/single-failure.test.ts" file="tests/single-failure.test.ts" tests="1" assertions="1" failures="1" skipped="0" time="1" hostname="Justins-MacBook-Pro.local">
    <testcase name="itt doesn&apos;t work" classname="" time="1" file="tests/single-failure.test.ts" line="3" assertions="1">
      <failure type="AssertionError" />
    </testcase>
  </testsuite>
</testsuites>
