<?xml version="1.0" encoding="UTF-8"?>
<testsuites name="bun test" tests="1" assertions="1" failures="0" skipped="0" time="0.00612">
  <testsuite name="describe.test.ts" file="describe.test.ts" tests="1" assertions="1" failures="0" skipped="0" time="0" hostname="Justins-MacBook-Pro.local">  
    <testsuite name="the describe block" file="describe.test.ts" line="3" tests="1" assertions="1" failures="0" skipped="0" time="0" hostname="Justins-MacBook-Pro.local">    
      <testcase name="the test" classname="the describe block" time="0" file="describe.test.ts" line="4" assertions="1" />
    </testsuite>
  </testsuite>
</testsuites>
