<?xml version="1.0" encoding="UTF-8"?>
<testsuites name="bun test" tests="2" assertions="0" failures="0" skipped="2" time="1">
  <testsuite name="tests/two-testsuites.test.ts" file="tests/two-testsuites.test.ts" tests="2" assertions="0" failures="0" skipped="2" time="1" hostname="Justins-MacBook-Pro.local">
    <testsuite name="first suite" file="tests/two-testsuites.test.ts" line="3" tests="1" assertions="0" failures="0" skipped="1" time="1" hostname="Justins-MacBook-Pro.local">
      <testcase name="first test" classname="first suite" time="1" file="tests/two-testsuites.test.ts" line="4" assertions="0">
        <skipped />
      </testcase>
    </testsuite>
    <testsuite name="second suite" file="tests/two-testsuites.test.ts" line="9" tests="1" assertions="0" failures="0" skipped="1" time="1" hostname="Justins-MacBook-Pro.local">
      <testcase name="second test" classname="second suite" time="1" file="tests/two-testsuites.test.ts" line="10" assertions="0">
        <skipped />
      </testcase>
    </testsuite>
  </testsuite>
</testsuites>
