<?xml version="1.0" encoding="UTF-8"?>
<testsuites name="bun test" tests="5" assertions="8" failures="1" skipped="0" time="2.051655">
  <testsuite name="test/frontend/pages/Providers/Index.test.tsx" tests="5" assertions="8" failures="1" skipped="0" time="1.379" hostname="Justins-MacBook-Pro.local">
    <testcase name="renders a list of Providers" classname="Index" time="0.036905" file="test/frontend/pages/Providers/Index.test.tsx" assertions="1" />
    <testcase name="renders attributes of a provider" classname="Index" time="0.169621" file="test/frontend/pages/Providers/Index.test.tsx" assertions="5" />
    <testcase name="marks all providers as Active" classname="Index" time="1.005854" file="test/frontend/pages/Providers/Index.test.tsx" assertions="0">
      <failure type="AssertionError" />
    </testcase>
    <testcase name="has an empty state if there are no providers" classname="Index" time="0.055495" file="test/frontend/pages/Providers/Index.test.tsx" assertions="1" />
    <testcase name="paginates if there are more than 25 providers" classname="Index" time="0.114586" file="test/frontend/pages/Providers/Index.test.tsx" assertions="1" />
  </testsuite>
</testsuites>
